Performing C SOURCE FILE Test CMAKE_HAVE_LIBC_PTHREAD failed with the following output:
Change Dir: /home/dd/Ubu20/ppdbscan/build/CMakeFiles/CMakeTmp

Run Build Command(s):/usr/bin/make cmTC_d01eb/fast && /usr/bin/make -f CMakeFiles/cmTC_d01eb.dir/build.make CMakeFiles/cmTC_d01eb.dir/build
make[1]: 进入目录“/home/dd/Ubu20/ppdbscan/build/CMakeFiles/CMakeTmp”
Building C object CMakeFiles/cmTC_d01eb.dir/src.c.o
/usr/bin/cc   -mrdseed -DCMAKE_HAVE_LIBC_PTHREAD   -o CMakeFiles/cmTC_d01eb.dir/src.c.o   -c /home/dd/Ubu20/ppdbscan/build/CMakeFiles/CMakeTmp/src.c
Linking C executable cmTC_d01eb
/usr/bin/cmake -E cmake_link_script CMakeFiles/cmTC_d01eb.dir/link.txt --verbose=1
/usr/bin/cc -mrdseed -DCMAKE_HAVE_LIBC_PTHREAD    CMakeFiles/cmTC_d01eb.dir/src.c.o  -o cmTC_d01eb 
/usr/bin/ld: CMakeFiles/cmTC_d01eb.dir/src.c.o: in function `main':
src.c:(.text+0x46): undefined reference to `pthread_create'
/usr/bin/ld: src.c:(.text+0x52): undefined reference to `pthread_detach'
/usr/bin/ld: src.c:(.text+0x63): undefined reference to `pthread_join'
collect2: error: ld returned 1 exit status
make[1]: *** [CMakeFiles/cmTC_d01eb.dir/build.make:87：cmTC_d01eb] 错误 1
make[1]: 离开目录“/home/dd/Ubu20/ppdbscan/build/CMakeFiles/CMakeTmp”
make: *** [Makefile:121：cmTC_d01eb/fast] 错误 2


Source file was:
#include <pthread.h>

void* test_func(void* data)
{
  return data;
}

int main(void)
{
  pthread_t thread;
  pthread_create(&thread, NULL, test_func, NULL);
  pthread_detach(thread);
  pthread_join(thread, NULL);
  pthread_atfork(NULL, NULL, NULL);
  pthread_exit(NULL);

  return 0;
}

Determining if the function pthread_create exists in the pthreads failed with the following output:
Change Dir: /home/dd/Ubu20/ppdbscan/build/CMakeFiles/CMakeTmp

Run Build Command(s):/usr/bin/make cmTC_0891e/fast && /usr/bin/make -f CMakeFiles/cmTC_0891e.dir/build.make CMakeFiles/cmTC_0891e.dir/build
make[1]: 进入目录“/home/dd/Ubu20/ppdbscan/build/CMakeFiles/CMakeTmp”
Building C object CMakeFiles/cmTC_0891e.dir/CheckFunctionExists.c.o
/usr/bin/cc   -mrdseed -DCHECK_FUNCTION_EXISTS=pthread_create   -o CMakeFiles/cmTC_0891e.dir/CheckFunctionExists.c.o   -c /usr/share/cmake-3.16/Modules/CheckFunctionExists.c
Linking C executable cmTC_0891e
/usr/bin/cmake -E cmake_link_script CMakeFiles/cmTC_0891e.dir/link.txt --verbose=1
/usr/bin/cc -mrdseed -DCHECK_FUNCTION_EXISTS=pthread_create    CMakeFiles/cmTC_0891e.dir/CheckFunctionExists.c.o  -o cmTC_0891e  -lpthreads 
/usr/bin/ld: 找不到 -lpthreads
collect2: error: ld returned 1 exit status
make[1]: *** [CMakeFiles/cmTC_0891e.dir/build.make:87：cmTC_0891e] 错误 1
make[1]: 离开目录“/home/dd/Ubu20/ppdbscan/build/CMakeFiles/CMakeTmp”
make: *** [Makefile:121：cmTC_0891e/fast] 错误 2



Performing C SOURCE FILE Test CMAKE_HAVE_LIBC_PTHREAD failed with the following output:
Change Dir: /home/dd/Ubu20/ppdbscan/build/CMakeFiles/CMakeTmp

Run Build Command(s):/usr/bin/ninja cmTC_429c4 && [1/2] Building C object CMakeFiles/cmTC_429c4.dir/src.c.o
[2/2] Linking C executable cmTC_429c4
FAILED: cmTC_429c4 
: && /bin/x86_64-linux-gnu-gcc-8 -mrdseed -DCMAKE_HAVE_LIBC_PTHREAD   CMakeFiles/cmTC_429c4.dir/src.c.o  -o cmTC_429c4   && :
/usr/bin/ld: CMakeFiles/cmTC_429c4.dir/src.c.o: in function `main':
src.c:(.text+0x46): undefined reference to `pthread_create'
/usr/bin/ld: src.c:(.text+0x52): undefined reference to `pthread_detach'
/usr/bin/ld: src.c:(.text+0x63): undefined reference to `pthread_join'
collect2: error: ld returned 1 exit status
ninja: build stopped: subcommand failed.


Source file was:
#include <pthread.h>

void* test_func(void* data)
{
  return data;
}

int main(void)
{
  pthread_t thread;
  pthread_create(&thread, NULL, test_func, NULL);
  pthread_detach(thread);
  pthread_join(thread, NULL);
  pthread_atfork(NULL, NULL, NULL);
  pthread_exit(NULL);

  return 0;
}

Determining if the function pthread_create exists in the pthreads failed with the following output:
Change Dir: /home/dd/Ubu20/ppdbscan/build/CMakeFiles/CMakeTmp

Run Build Command(s):/usr/bin/ninja cmTC_5f098 && [1/2] Building C object CMakeFiles/cmTC_5f098.dir/CheckFunctionExists.c.o
[2/2] Linking C executable cmTC_5f098
FAILED: cmTC_5f098 
: && /bin/x86_64-linux-gnu-gcc-8 -mrdseed -DCHECK_FUNCTION_EXISTS=pthread_create   CMakeFiles/cmTC_5f098.dir/CheckFunctionExists.c.o  -o cmTC_5f098  -lpthreads && :
/usr/bin/ld: 找不到 -lpthreads
collect2: error: ld returned 1 exit status
ninja: build stopped: subcommand failed.



